## 2021 
\publishedarticle{1}{Halperin's conjecture in formal dimensions up to 20}{Lee Kennard, Yantao Wu}{2104.04086}{}
\publishedarticle{2}{Improving Schrödinger Equation Implementations with Gray Code for Adiabatic Quantum Computers}{Chia Cheng Chang, Kenneth S. McElvain, Ermal Rrapaj, Yantao Wu}{2103.08056}{}
## 2020 
\publishedarticle{3}{Dissipative dynamics in isolated quantum spin chains after a local quench}{Yantao Wu}{2010.00700}{}
\publishedarticle{4}{Time-dependent variational principle of mixed matrix product states in the thermodynamic limit}{Yantao Wu}{2007.15035}{Phys. Rev. B 102, 134306 (2020)}
\publishedarticle{5}{Continuous-time Monte Carlo Renormalization Group}{Yantao Wu, Roberto Car}{2004.08765}{Phys. Rev. B 102, 014456 (2020)}
## 2019 
\publishedarticle{6}{Quantum Momentum Distribution and Quantum Entanglement in the Deep Tunneling Regime}{Yantao Wu, Roberto Car}{1912.05072}{J. Chem. Phys. 152, 024106 (2020)}
\publishedarticle{7}{Dynamical Quantum Phase Transitions of Quantum Spin Chains with the Loschmidt-rate Critical Exponent equal to $\frac{1}{2}$}{Yantao Wu}{1912.04181}{Phys. Rev. B 101, 064427 (2020)}
\publishedarticle{8}{Dynamical Quantum Phase Transition of the Quantum $N$-state Potts Chain with Quenched Disorder}{Yantao Wu}{1908.04476}{}
\publishedarticle{9}{Non-equilibrium Renormalization Group Fixed-Points of the Quantum Clock Chain and the Quantum Potts chain}{Yantao Wu}{1906.07945}{Phys. Rev. B 101, 014305 (2020)}
\publishedarticle{10}{The Tangent Space to the Manifold of Critical Classical Hamiltonians Representable by Tensor Networks}{Yantao Wu}{1903.12137}{Phys. Rev. E 100, 023306 (2019)}
\publishedarticle{11}{Determination of the Critical Manifold Tangent Space and Curvature with Monte Carlo Renormalization Group}{Yantao Wu, Roberto Car}{1903.08231}{Phys. Rev. E 100, 022138 (2019)}
## 2018 
\publishedarticle{12}{Monte Carlo Renormalization Group for Systems with Quenched Disorder}{Yantao Wu, Roberto Car}{1810.09579}{Phys. Rev. Lett. 125, 190601 (2020)}
## 2017 
\publishedarticle{13}{A Variational Approach to Monte Carlo Renormalization Group}{Yantao Wu, Roberto Car}{1707.08683}{Phys. Rev. Lett. 119, 220602 (2017)}
## 2015 
\publishedarticle{14}{Inertial waves and mean velocity profiles in a rotating pipe and a circular annulus with axial flow}{Yantao Yang, Rodolfo Ostilla-Mónico, J. Z. Wu, Paolo Orlandi}{1510.01584}{Phys. Rev. E 91, 013015 (2015)}

