## 2024 
\publishedarticle{1}{Anomalous Hall Crystals in Rhombohedral Multilayer Graphene II: General  Mechanism and a Minimal Model}{Tomohiro Soejima, Junkai Dong, Taige Wang, Tianle Wang, Michael P. Zaletel, Ashvin Vishwanath, Daniel E. Parker}{2403.05522}{}
\publishedarticle{2}{Spontaneous localization at a potential saddle point from edge state  reconstruction in a quantum Hall point contact}{Liam A. Cohen, Noah L. Samuelson, Taige Wang, Kai Klocke, Cian C. Reeves, Takashi Taniguchi, Kenji Watanabe, Sagar Vijay, Michael P. Zaletel, Andrea F. Young}{2401.10433}{}
## 2023 
\publishedarticle{3}{Topology, magnetism and charge order in twisted MoTe2 at higher integer  hole fillings}{Taige Wang, Minxuan Wang, Woochang Kim, Steven G. Louie, Liang Fu, Michael P. Zaletel}{2312.12531}{}
\publishedarticle{4}{Direct observation of a magnetic field-induced Wigner crystal}{Yen-Chen Tsui, Minhao He, Yuwen Hu, Ethan Lake, Taige Wang, Kenji Watanabe, Takashi Taniguchi, Michael P. Zaletel, Ali Yazdani}{2312.11632}{}
\publishedarticle{5}{Anomalous Hall Crystals in Rhombohedral Multilayer Graphene I:  Interaction-Driven Chern Bands and Fractional Quantum Hall States at Zero  Magnetic Field}{Junkai Dong, Taige Wang, Tianle Wang, Tomohiro Soejima, Michael P. Zaletel, Ashvin Vishwanath, Daniel E. Parker}{2311.05568}{}
\publishedarticle{6}{High-Resolution Tunneling Spectroscopy of Fractional Quantum Hall States}{Yuwen Hu, Yen-Chen Tsui, Minhao He, Umut Kamber, Taige Wang, Amir S. Mohammadi, Kenji Watanabe, Takashi Taniguchi, Zlatko Papic, Michael P. Zaletel, Ali Yazdani}{2308.05789}{}
\publishedarticle{7}{Energy gap of the even-denominator fractional quantum Hall state in  bilayer graphene}{Alexandre Assouline, Taige Wang, Haoxin Zhou, Liam A. Cohen, Fangyuan Yang, Ruining Zhang, Takashi Taniguchi, Kenji Watanabe, Roger S. K. Mong, Michael P. Zaletel, Andrea F. Young}{2308.05729}{}
\publishedarticle{8}{Topological magnets and magnons in twisted bilayer MoTe$_2$ and WSe$_2$}{Taige Wang, Trithep Devakul, Michael P. Zaletel, Liang Fu}{2306.02501}{}
\publishedarticle{9}{Theory of the microwave impedance microscopy of Chern insulators}{Taige Wang, Chen Wu, Masataka Mogi, Minoru Kawamura, Yoshinori Tokura, Zhi-Xun Shen, Yi-Zhuang You, Monica T. Allen}{2304.09227}{Phys. Rev. B 108, 235432 (2023)}
\publishedarticle{10}{Electrical control of spin and valley in spin-orbit coupled graphene  multilayers}{Taige Wang, Marc Vila, Michael P. Zaletel, Shubhayu Chatterjee}{2303.04855}{Phys. Rev. Lett. 132, 116504 (2024)}
\publishedarticle{11}{Extracting higher central charge from a single wave function}{Ryohei Kobayashi, Taige Wang, Tomohiro Soejima, Roger S. K. Mong, Shinsei Ryu}{2303.04822}{Phys. Rev. Lett. 132 (2024) 016602}
## 2022 
\publishedarticle{12}{Universal chiral Luttinger liquid behavior in a graphene fractional  quantum Hall point contact}{Liam A. Cohen, Noah L. Samuelson, Taige Wang, Takashi Taniguchi, Kenji Watanabe, Michael P. Zaletel, Andrea F. Young}{2212.01374}{}
\publishedarticle{13}{Fermionic Isometric Tensor Network States in Two Dimensions}{Zhehao Dai, Yantao Wu, Taige Wang, Michael P. Zaletel}{2211.00043}{}
\publishedarticle{14}{Correlated metals and unconventional superconductivity in rhombohedral  trilayer graphene: A renormalization group analysis}{Da-Chuan Lu, Taige Wang, Shubhayu Chatterjee, Yi-Zhuang You}{2206.01213}{Phys. Rev. B 106, 155115 (2022)}
\publishedarticle{15}{Nanoscale electrostatic control in ultra clean van der Waals  heterostructures by local anodic oxidation of graphite gates}{Liam A. Cohen, Noah L. Samuelson, Taige Wang, Kai Klocke, Cian C. Reeves, Takashi Taniguchi, Kenji Watanabe, Sagar Vijay, Michael P. Zaletel, Andrea F. Young}{2204.10296}{}
## 2021 
\publishedarticle{16}{Inter-valley coherent order and isospin fluctuation mediated  superconductivity in rhombohedral trilayer graphene}{Shubhayu Chatterjee, Taige Wang, Erez Berg, Michael P. Zaletel}{2109.00002}{Nat. Commun. 13, 6013 (2022)}
## 2020 
\publishedarticle{17}{Moiré surface states and enhanced superconductivity in topological  insulators}{Taige Wang, Noah F. Q. Yuan, Liang Fu}{2010.09753}{Phys. Rev. X 11, 021024 (2021)}
\publishedarticle{18}{Quantum Magnetism in Wannier-Obstructed Mott Insulators}{Xiao-Yang Huang, Taige Wang, Shang Liu, Hong-Ye Hu, Yi-Zhuang You}{2005.01439}{}
## 2019 
\publishedarticle{19}{Foliated fracton order in the Majorana checkerboard model}{Taige Wang, Wilbur Shirley, Xie Chen}{1904.01111}{Phys. Rev. B 100, 085127 (2019)}

