HTTP.Exceptions.StatusError(503, "GET", "/a/jahanbani_s_1", HTTP.Messages.Response:
"""
HTTP/1.1 503 Service Unavailable
Connection: close
Content-Length: 455
Server: Varnish
Retry-After: 0
Content-Type: text/html; charset=utf-8
Accept-Ranges: bytes
Date: Fri, 08 May 2026 02:57:47 GMT
Via: 1.1 varnish
X-Served-By: cache-iad-kcgs7200158-IAD
X-Cache: MISS
X-Timer: S1778209068.650860,VS0,VE8


<?xml version="1.0" encoding="utf-8"?>
<!DOCTYPE html PUBLIC "-//W3C//DTD XHTML 1.0 Strict//EN"
 "http://www.w3.org/TR/xhtml1/DTD/xhtml1-strict.dtd">
<html>
  <head>
    <title>503 No healthy backends</title>
  </head>
  <body>
    <h1>Error 503 No healthy backends</h1>
    <p>No healthy backends</p>
    <h3>Error 54113</h3>
    <p>Details: cache-iad-kcgs7200158-IAD 1778209068 1963587139</p>
    <hr>
    <p>Varnish cache server</p>
  </body>
</html>
""")
