## 2026 
\publishedarticle{1}{Imaging Interacting Two-Dimensional Anisotropic Electrons}{Ziyu Xiang, Jianghan Xiao, Hongyuan Li, Woochang Kim, Tianle Wang, Zhihuan Dong, Takashi Taniguchi, Kenji Watanabe, Michael P. Zaletel, Steven G. Louie, Michael F. Crommie, Feng Wang}{2605.12761}{}
\publishedarticle{2}{Self-doped Crystal from Preempted Band-inversion Transitions}{Jiechao Feng, Zhaoyu Han, Michael P. Zaletel, Zhihuan Dong}{2604.09820}{}
## 2025 
\publishedarticle{3}{Imaging Electron-Hole Asymmetry in the Quantum Melting of Generalized Wigner Crystals}{Emma Berger, Michael Arumainayagam, Zhihuan Dong, Lucas Schneider, Tianle Wang, Greyson Nichols, Salman Kahn, Rwik Dutta, Gaoqiang Wang, Takashi Taniguchi, Kenji Watanabe, Mit H. Naik, Michael P. Zaletel, Feng Wang, Michael F. Crommie}{2512.16050}{}
\publishedarticle{4}{Anyon superfluidity of excitons in quantum Hall bilayers}{Zhaoyu Han, Taige Wang, Zhihuan Dong, Michael P. Zaletel, Ashvin Vishwanath}{2508.14894}{}
## 2024 
\publishedarticle{5}{Extended quantum anomalous Hall effect in moiré structures: phase transitions and transport}{Adarsh S. Patri, Zhihuan Dong, T. Senthil}{2408.11818}{Phys. Rev. B 110, 245115 (2024)}
\publishedarticle{6}{Stability of Anomalous Hall Crystals in multilayer rhombohedral graphene}{Zhihuan Dong, Adarsh S. Patri, T. Senthil}{2403.07873}{}
\publishedarticle{7}{Excitonic quantum criticality: from bilayer graphene to narrow Chern bands}{Zhengyan Darius Shi, Hart Goldman, Zhihuan Dong, T. Senthil}{2402.12436}{}
## 2023 
\publishedarticle{8}{Theory of quantum anomalous Hall phases in pentalayer rhombohedral graphene moiré structures}{Zhihuan Dong, Adarsh S. Patri, T. Senthil}{2311.03445}{}
## 2022 
\publishedarticle{9}{Excitonic Chern insulator and kinetic ferromagnetism in MoTe$_2$/WSe$_2$ moiré bilayer}{Zhihuan Dong, Ya-Hui Zhang}{2206.13567}{}
## 2021 
\publishedarticle{10}{Evolution between quantum Hall and conducting phases: simple models and some results}{Zhihuan Dong, T. Senthil}{2107.06911}{}
## 2020 
\publishedarticle{11}{Non-commutative field theory and composite Fermi Liquids in some quantum Hall systems}{Zhihuan Dong, T. Senthil}{2006.01282}{Phys. Rev. B 102, 205126 (2020)}
## 2019 
\publishedarticle{12}{Ferromagnetism in narrow bands of moiré superlattices}{Cécile Repellin, Zhihuan Dong, Ya-Hui Zhang, T. Senthil}{1907.11723}{Phys. Rev. Lett. 124, 187601 (2020)}
## 2017 
\publishedarticle{13}{Bosonic Integer Quantum Hall States without Landau Levels on Square Lattice}{Wanli Liu, Zhiyu Dong, Zhihuan Dong, Chenrong Liu, Wei Yan, Yan Chen}{1712.01212}{Phys. Rev. B 99, 085305 (2019)}

