## 2023 
\publishedarticle{1}{Diagnostics of mixed-state topological order and breakdown of quantum memory}{Ruihua Fan, Yimu Bao, Ehud Altman, Ashvin Vishwanath}{2301.05689}{}
\publishedarticle{2}{Mixed-state topological order and the errorfield double formulation of decoherence-induced transitions}{Yimu Bao, Ruihua Fan, Ashvin Vishwanath, Ehud Altman}{2301.05687}{}
## 2022 
\publishedarticle{3}{Generalized Real-space Chern Number Formula and Entanglement Hamiltonian}{Ruihua Fan, Pengfei Zhang, Yingfei Gu}{2211.04510}{SciPost Phys. 15, 249 (2023)}
\publishedarticle{4}{Floquet's Refrigerator: Conformal Cooling in Driven Quantum Critical Systems}{Xueda Wen, Ruihua Fan, Ashvin Vishwanath}{2211.00040}{}
\publishedarticle{5}{Extracting the Quantum Hall Conductance from a Single Bulk Wavefunction}{Ruihua Fan, Rahul Sahay, Ashvin Vishwanath}{2208.11710}{}
\publishedarticle{6}{From entanglement generated dynamics to the gravitational anomaly and chiral central charge}{Ruihua Fan}{2206.02823}{}
## 2021 
\publishedarticle{7}{Periodically, Quasi-periodically, and Randomly Driven Conformal Field Theories (II): Furstenberg's Theorem and Exceptions to Heating Phases}{Xueda Wen, Yingfei Gu, Ashvin Vishwanath, Ruihua Fan}{2109.10923}{SciPost Phys. 13, 082 (2022)}
## 2020 
\publishedarticle{8}{Floquet conformal field theories with generally deformed Hamiltonians}{Ruihua Fan, Yingfei Gu, Ashvin Vishwanath, Xueda Wen}{2011.09491}{SciPost Phys. 10, 049 (2021)}
\publishedarticle{9}{Periodically, Quasi-periodically, and Randomly Driven Conformal Field Theories: Part I}{Xueda Wen, Ruihua Fan, Ashvin Vishwanath, Yingfei Gu}{2006.10072}{Phys. Rev. Research 3, 023044 (2021)}
\publishedarticle{10}{Self-Organized Error Correction in Random Unitary Circuits with Measurement}{Ruihua Fan, Sagar Vijay, Ashvin Vishwanath, Yi-Zhuang You}{2002.12385}{Phys. Rev. B 103, 174309 (2021)}
## 2019 
\publishedarticle{11}{Emergent Spatial Structure and Entanglement Localization in Floquet Conformal Field Theory}{Ruihua Fan, Yingfei Gu, Ashvin Vishwanath, Xueda Wen}{1908.05289}{Phys. Rev. X 10, 031036 (2020)}
## 2018 
\publishedarticle{12}{Out-of-Time-Order Correlation Functions for Unitary Minimal Models}{Ruihua Fan}{1809.07228}{}
## 2017 
\publishedarticle{13}{Competition between Chaotic and Non-Chaotic Phases in a Quadratically Coupled Sachdev-Ye-Kitaev Model}{Xin Chen, Ruihua Fan, Yiming Chen, Hui Zhai, Pengfei Zhang}{1705.03406}{Phys. Rev. Lett. 119, 207603 (2017)}
## 2016 
\publishedarticle{14}{Curvature Induced Topological Defects of $p$-wave Superfluid on a Sphere}{Ruihua Fan, Pengfei Zhang, Zhe-Yu Shi}{1612.03380}{}
\publishedarticle{15}{Measuring out-of-time-order correlators on a nuclear magnetic resonance quantum simulator}{Jun Li, Ruihua Fan, Hengyan Wang, Bingtian Ye, Bei Zeng, Hui Zhai, Xinhua Peng, Jiangfeng Du}{1609.01246}{Phys. Rev. X 7, 031011 (2017)}
\publishedarticle{16}{Out-of-Time-Order Correlation at a Quantum Phase Transition}{Huitao Shen, Pengfei Zhang, Ruihua Fan, Hui Zhai}{1608.02438}{Phys. Rev. B 96, 054503 (2017)}
\publishedarticle{17}{Out-of-Time-Order Correlation for Many-Body Localization}{Ruihua Fan, Pengfei Zhang, Huitao Shen, Hui Zhai}{1608.01914}{Science Bulletin, 62 (10), 707-711 (2017)}

