## 2023 
\publishedarticle{1}{Colloquium: Quantum and Classical Discrete Time Crystals}{Michael P. Zaletel, Mikhail Lukin, Christopher Monroe, Chetan Nayak, Frank Wilczek, Norman Y. Yao}{2305.08904}{}
\publishedarticle{2}{Quantum textures of the many-body wavefunctions in magic-angle graphene}{Kevin P. Nuckolls, Ryan L. Lee, Myungchul Oh, Dillon Wong, Tomohiro Soejima, Jung Pyo Hong, Dumitru Călugăru, Jonah Herzog-Arbeitman, B. Andrei Bernevig, Kenji Watanabe, Takashi Taniguchi, Nicolas Regnault, Michael P. Zaletel, Ali Yazdani}{2303.00024}{}
## 2022 
\publishedarticle{3}{Universal chiral Luttinger liquid behavior in a graphene fractional  quantum Hall point contact}{Liam A. Cohen, Noah L. Samuelson, Taige Wang, Takashi Taniguchi, Kenji Watanabe, Michael P. Zaletel, Andrea F. Young}{2212.01374}{}
\publishedarticle{4}{Two Dimensional Isometric Tensor Networks on an Infinite Strip}{Yantao Wu, Sajant Anand, Sheng-Hsuan Lin, Frank Pollmann, Michael P. Zaletel}{2211.14337}{Phys. Rev. B 107, 245118 (2023)}
\publishedarticle{5}{Interacting models for twisted bilayer graphene: a quantum chemistry  approach}{Fabian M. Faulstich, Kevin D. Stubbs, Qinyi Zhu, Tomohiro Soejima, Rohit Dilip, Huanchen Zhai, Raehyun Kim, Michael P. Zaletel, Garnet Kin-Lic Chan, Lin Lin}{2211.09243}{}
\publishedarticle{6}{Kekulé spiral order in magic-angle graphene: a density matrix  renormalization group study}{Tianle Wang, Daniel E. Parker, Tomohiro Soejima, Johannes Hauschild, Sajant Anand, Nick Bultinck, Michael P. Zaletel}{2211.02693}{}
\publishedarticle{7}{Fermionic Isometric Tensor Network States in Two Dimensions}{Zhehao Dai, Yantao Wu, Taige Wang, Michael P. Zaletel}{2211.00043}{}
\publishedarticle{8}{Photo-induced Superconductivity = Discrete Time Crystal?}{Zhehao Dai, Vibhu Ravindran, Norman Y. Yao, Michael P. Zaletel}{2209.05510}{}
\publishedarticle{9}{Tunable fractional quantum Hall point contacts in graphene via local  anodic oxidation of graphite gates}{Liam A. Cohen, Noah L. Samuelson, Taige Wang, Kai Klocke, Cian C. Reeves, Takashi Taniguchi, Kenji Watanabe, Sagar Vijay, Michael P. Zaletel, Andrea F. Young}{2204.10296}{}
\publishedarticle{10}{Holographic quantum simulation of entanglement renormalization circuits}{Sajant Anand, Johannes Hauschild, Yuxuan Zhang, Andrew C. Potter, Michael P. Zaletel}{2203.00886}{}
## 2021 
\publishedarticle{11}{Field-tuned and zero-field fractional Chern insulators in magic angle  graphene}{Daniel Parker, Patrick Ledwith, Eslam Khalaf, Tomohiro Soejima, Johannes Hauschild, Yonglong Xie, Andrew Pierce, Michael P. Zaletel, Amir Yacoby, Ashvin Vishwanath}{2112.13837}{}
\publishedarticle{12}{Efficient Simulation of Dynamics in Two-Dimensional Quantum Spin Systems  with Isometric Tensor Networks}{Sheng-Hsuan Lin, Michael Zaletel, Frank Pollmann}{2112.08394}{}
\publishedarticle{13}{Detecting symmetry breaking in magic angle graphene using scanning  tunneling microscopy}{Jung Pyo Hong, Tomohiro Soejima, Michael P. Zaletel}{2110.14674}{}
\publishedarticle{14}{An absolutely stable open time crystal}{Quntao Zhuang, Francisco Machado, Norman Y. Yao, Michael P. Zaletel}{2110.00585}{}
\publishedarticle{15}{Inter-valley coherent order and isospin fluctuation mediated  superconductivity in rhombohedral trilayer graphene}{Shubhayu Chatterjee, Taige Wang, Erez Berg, Michael P. Zaletel}{2109.00002}{Nat. Commun. 13, 6013 (2022)}
\publishedarticle{16}{Kekulé spiral order at all nonzero integer fillings in twisted bilayer  graphene}{Yves H. Kwan, Glenn Wagner, Tomohiro Soejima, Michael P. Zaletel, Steven H. Simon, Siddharth A. Parameswaran, Nick Bultinck}{2105.05857}{Phys. Rev. X 11, 041063 (2021)}
\publishedarticle{17}{Topological charge density waves at half-integer filling of a moiré  superlattice}{Hryhoriy Polshyn, Yuxuan Zhang, Manish A. Kumar, Tomohiro Soejima, Patrick Ledwith, Kenji Watanabe, Takashi Taniguchi, Ashvin Vishwanath, Michael P. Zaletel, Andrea F. Young}{2104.01178}{}
\publishedarticle{18}{Strong-Magnetic-Field Magnon Transport in Monolayer Graphene}{Haoxin Zhou, Chunli Huang, Nemin Wei, Takashi Taniguchi, Kenji Watanabe, Michael P. Zaletel, Zlatko Papić, Allan H. MacDonald, Andrea F. Young}{2102.01061}{Phys. Rev. X 12, 021060 (2022)}
## 2020 
\publishedarticle{19}{Strain-induced quantum phase transitions in magic angle graphene}{Daniel E. Parker, Tomohiro Soejima, Johannes Hauschild, Michael P. Zaletel, Nick Bultinck}{2012.09885}{Phys. Rev. Lett. 127, 027601 (2021)}
\publishedarticle{20}{Universal tripartite entanglement in one-dimensional many-body systems}{Yijian Zou, Karthik Siva, Tomohiro Soejima, Roger S.K. Mong, Michael P. Zaletel}{2011.11864}{Phys. Rev. Lett. 126, 120501 (2021)}
\publishedarticle{21}{Performance of the rigorous renormalization group for first order phase  transitions and topological phases}{Maxwell Block, Johannes Motruk, Snir Gazit, Michael P. Zaletel, Zeph Landau, Umesh Vazirani, Norman Y. Yao}{2010.15851}{Phys. Rev. B 103, 195122 (2021)}
\publishedarticle{22}{Skyrmion Superconductivity: DMRG evidence for a topological route to  superconductivity}{Shubhayu Chatterjee, Matteo Ippoliti, Michael P. Zaletel}{2010.01144}{Phys. Rev. B 106, 035421 (2022)}
\publishedarticle{23}{Soft modes in magic angle twisted bilayer graphene}{Eslam Khalaf, Nick Bultinck, Ashvin Vishwanath, Michael P. Zaletel}{2009.14827}{}
\publishedarticle{24}{Efficient simulation of moire materials using the density matrix  renormalization group}{Tomohiro Soejima, Daniel E. Parker, Nick Bultinck, Johannes Hauschild, Michael P. Zaletel}{2009.02354}{Phys. Rev. B 102, 205111 (2020)}
\publishedarticle{25}{Visualizing delocalized correlated electronic states in twisted double  bilayer graphene}{Canxun Zhang, Tiancong Zhu, Salman Kahn, Shaowei Li, Birui Yang, Charlotte Herbig, Xuehao Wu, Hongyuan Li, Kenji Watanabe, Takashi Taniguchi, Stefano Cabrini, Alex Zettl, Michael P. Zaletel, Feng Wang, Michael F. Crommie}{2008.07536}{Nature Communications 12, 2516 (2021)}
\publishedarticle{26}{Flat band topology of magic angle graphene on a transition metal  dichalcogenide}{Tianle Wang, Nick Bultinck, Michael P. Zaletel}{2008.06528}{Phys. Rev. B 102, 235146 (2020)}
\publishedarticle{27}{Experimental determination of the energy per particle in partially  filled Landau levels}{Fangyuan Yang, Alexander A. Zibrov, Ruiheng Bai, Takashi Taniguchi, Kenji Watanabe, Michael P. Zaletel, Andrea F. Young}{2008.05466}{Phys. Rev. Lett. 126, 156802 (2021)}
\publishedarticle{28}{Spin-triplet superconductivity from inter-valley Goldstone modes in  magic-angle graphene}{Vladyslav Kozii, Michael P. Zaletel, Nick Bultinck}{2005.12961}{Phys. Rev. B 106, 235157 (2023)}
\publishedarticle{29}{Charged Skyrmions and Topological Origin of Superconductivity in Magic  Angle Graphene}{Eslam Khalaf, Shubhayu Chatterjee, Nick Bultinck, Michael P. Zaletel, Ashvin Vishwanath}{2004.00638}{}
\publishedarticle{30}{Phases of the (2+1) dimensional SO(5) non-linear sigma model with  topological term}{Zhenjiu Wang, Michael P. Zaletel, Roger S. K. Mong, Fakher F. Assaad}{2003.08368}{Phys. Rev. Lett. 126, 045701 (2021)}
## 2019 
\publishedarticle{31}{Ground State and Hidden Symmetry of Magic Angle Graphene at Even Integer  Filling}{Nick Bultinck, Eslam Khalaf, Shang Liu, Shubhayu Chatterjee, Ashvin Vishwanath, Michael P. Zaletel}{1911.02045}{Phys. Rev. X 10, 031034 (2020)}
\publishedarticle{32}{Energetics of Pfaffian-AntiPfaffian Domains}{Steven H. Simon, Matteo Ippoliti, Michael P. Zaletel, Edward H. Rezayi}{1909.12844}{Phys. Rev. B 101, 041302 (2020)}
\publishedarticle{33}{Local Matrix Product Operators: Canonical Form, Compression, & Control  Theory}{Daniel E. Parker, Xiangyu Cao, Michael P. Zaletel}{1909.06341}{Phys. Rev. B 102, 035147 (2020)}
\publishedarticle{34}{Isometric Tensor Network representation of string-net liquids}{Tomohiro Soejima, Karthik Siva, Nick Bultinck, Shubhayu Chatterjee, Frank Pollmann, Michael P. Zaletel}{1908.07545}{Phys. Rev. B 101, 085117 (2020)}
\publishedarticle{35}{Isometric Tensor Network States in Two Dimensions}{Michael P. Zaletel, Frank Pollmann}{1902.05100}{Phys. Rev. Lett. 124, 037201 (2020)}
\publishedarticle{36}{Spin-orbit driven band inversion in bilayer graphene by van der Waals  proximity effect}{J.O. Island, X. Cui, C. Lewandowski, J.Y. Khoo, E. M. Spanton, H. Zhou, D. Rhodes, J.C. Hone, T. Taniguchi, K. Watanabe, L.S. Levitov, M.P. Zaletel, A.F. Young}{1901.01332}{}
## 2018 
\publishedarticle{37}{Imaging stress and magnetism at high pressures using a nanoscale quantum  sensor}{S. Hsieh, P. Bhattacharyya, C. Zu, T. Mittiga, T. J. Smart, F. Machado, B. Kobrin, T. O. Höhn, N. Z. Rui, M. Kamrani, S. Chatterjee, S. Choi, M. Zaletel, V. V. Struzhkin, J. E. Moore, V. I. Levitas, R. Jeanloz, N. Y. Yao}{1812.08796}{Science 366, 1349 (2019)}
\publishedarticle{38}{Majorana lattices from the quantized Hall limit of a proximitized  spin-orbit coupled electron gas}{Ryan V. Mishmash, A. Yazdani, Michael P. Zaletel}{1811.05990}{Phys. Rev. B 99, 115427 (2019)}
\publishedarticle{39}{Three-dimensional superconductors with hybrid higher order topology}{Nick Bultinck, B. Andrei Bernevig, Michael P. Zaletel}{1810.12963}{Phys. Rev. B 99, 125149 (2019)}
\publishedarticle{40}{Fractional Chern insulator edges and layer-resolved lattice contacts}{Christina Knapp, Eric M. Spanton, Andrea F. Young, Chetan Nayak, Michael P. Zaletel}{1810.02325}{Phys. Rev. B 99, 081114 (2019)}
\publishedarticle{41}{Half-filled Landau levels: a continuum and sign-free regularization for  3D quantum critical points}{Matteo Ippoliti, Roger S. K. Mong, Fakher F. Assaad, Michael P. Zaletel}{1810.00009}{Phys. Rev. B 98, 235108 (2018)}
\publishedarticle{42}{Evidence for a topological "exciton Fermi sea" in bilayer graphene}{Michael P. Zaletel, Scott Geraedts, Zlatko Papić, Edward H. Rezayi}{1803.08077}{Phys. Rev. B 98, 045113 (2018)}
\publishedarticle{43}{Emergent Multi-flavor QED3 at the Plateau Transition between Fractional  Chern Insulators: Applications to graphene heterostructures}{Jong Yeon Lee, Chong Wang, Michael P. Zaletel, Ashvin Vishwanath, Yin-Chen He}{1802.09538}{Phys. Rev. X 8, 031015 (2018)}
\publishedarticle{44}{Classical Discrete Time Crystals}{Norman Y. Yao, Chetan Nayak, Leon Balents, Michael P. Zaletel}{1801.02628}{Nature Physics 16, 438-447 (2020)}
## 2017 
\publishedarticle{45}{Finding purifications with minimal entanglement}{Johannes Hauschild, Eyal Leviatan, Jens H. Bardarson, Ehud Altman, Michael P. Zaletel, Frank Pollmann}{1711.01288}{Phys. Rev. B 98, 235163 (2018)}
\publishedarticle{46}{Entanglement of purification: from spin chains to holography}{Phuc Nguyen, Trithep Devakul, Matthew G. Halbasch, Michael P. Zaletel, Brian Swingle}{1709.07424}{}
\publishedarticle{47}{Imaging anyons with scanning tunneling microscopy}{Zlatko Papić, Roger S. K. Mong, Ali Yazdani, Michael P. Zaletel}{1709.07013}{Phys. Rev. X 8, 011037 (2018)}
\publishedarticle{48}{Quantum dynamics of thermalizing systems}{Christopher David White, Michael Zaletel, Roger S. K. Mong, Gil Refael}{1707.01506}{Phys. Rev. B 97, 035127 (2018)}
\publishedarticle{49}{Observation of fractional Chern insulators in a van der Waals  heterostructure}{Eric M. Spanton, Alexander A. Zibrov, Haoxin Zhou, Takashi Taniguchi, Kenji Watanabe, Michael P. Zaletel, Andrea F. Young}{1706.06116}{}
\publishedarticle{50}{Lattice Homotopy Constraints on Phases of Quantum Magnets}{Hoi Chun Po, Haruki Watanabe, Chao-Ming Jian, Michael P. Zaletel}{1703.06882}{Phys. Rev. Lett. 119, 127202 (2017)}
## 2016 
\publishedarticle{51}{Robust fractional quantum Hall states and continuous quantum phase  transitions in a half-filled bilayer graphene Landau level}{Alexander A. Zibrov, Carlos. R. Kometter, Haoxin Zhou, Eric M. Spanton, Takashi Taniguchi, Kenji Watanabe, Michael P. Zaletel, Andrea F. Young}{1611.07113}{Nature 549, 360-364 (21 September 2017)}
\publishedarticle{52}{Signatures of Dirac cones in a DMRG study of the Kagome Heisenberg model}{Yin-Chen He, Michael P. Zaletel, Masaki Oshikawa, Frank Pollmann}{1611.06238}{Phys. Rev. X 7, 031020 (2017)}
\publishedarticle{53}{Preparation of Low Entropy Correlated Many-body States via Conformal  Cooling Quenches}{Michael P. Zaletel, Adam M. Kaufman, Dan M. Stamper-Kurn, Norman Y. Yao}{1611.04591}{Phys. Rev. Lett. 126, 103401 (2021)}
\publishedarticle{54}{Topological exciton Fermi surfaces in two-component fractional quantized  Hall insulators}{Maissam Barkeshli, Chetan Nayak, Zlatko Papić, Andrea Young, Michael Zaletel}{1611.01171}{Phys. Rev. Lett. 121, 026603 (2018)}
\publishedarticle{55}{Direct measurement of discrete valley and orbital quantum numbers in a  multicomponent quantum Hall system}{B.M. Hunt, J.I.A. Li, A.A. Zibrov, L. Wang, T. Taniguchi, K. Watanabe, J. Hone, C. R. Dean, M. Zaletel, R.C. Ashoori, A.F. Young}{1607.06461}{Nature Communications 8, 948 (2017)}
\publishedarticle{56}{Filling-Enforced Gaplessness in Band Structures of the 230 Space Groups}{Haruki Watanabe, Hoi Chun Po, Michael P. Zaletel, Ashvin Vishwanath}{1603.05646}{Phys. Rev. Lett. 117, 096404 (2016)}
\publishedarticle{57}{How quickly can anyons be braided? Or: How I learned to stop worrying  about diabatic errors and love the anyon}{Christina Knapp, Michael Zaletel, Dong E. Liu, Meng Cheng, Parsa Bonderson, Chetan Nayak}{1601.05790}{Phys. Rev. X 6, 041003 (2016)}
## 2015 
\publishedarticle{58}{Density matrix renormalization group on a cylinder in mixed real and  momentum space}{Johannes Motruk, Michael P. Zaletel, Roger S. K. Mong, Frank Pollmann}{1512.03318}{Phys. Rev. B 93, 155139 (2016)}
\publishedarticle{59}{Translational symmetry and microscopic constraints on symmetry-enriched  topological phases: a view from the surface}{Meng Cheng, Michael Zaletel, Maissam Barkeshli, Ashvin Vishwanath, Parsa Bonderson}{1511.02263}{Phys. Rev. X 6, 041068 (2016)}
\publishedarticle{60}{Space group symmetry fractionalization in a chiral kagome Heisenberg  antiferromagnet}{Michael P. Zaletel, Zhenyue Zhu, Yuan-Ming Lu, Ashvin Vishwanath, Steven R. White}{1511.01510}{Phys. Rev. Lett. 116, 197203 (2016)}
\publishedarticle{61}{A Quantum Dipolar Spin Liquid}{Norman Y. Yao, Michael P. Zaletel, Dan M. Stamper-Kurn, Ashvin Vishwanath}{1510.06403}{Nature Physics 14, 405-410 (2018)}
\publishedarticle{62}{Featureless quantum insulator on the honeycomb lattice}{Panjin Kim, Hyunyong Lee, Shenghan Jiang, Brayden Ware, Chao-Ming Jian, Michael Zaletel, Jung Hoon Han, Ying Ran}{1509.04358}{Phys. Rev. B 94, 064432 (2016)}
\publishedarticle{63}{The half-filled Landau level: the case for Dirac composite fermions}{Scott D. Geraedts, Michael P. Zaletel, Roger S. K. Mong, Max A. Metlitski, Ashvin Vishwanath, Olexei I. Motrunich}{1508.04140}{Science 08 Apr 2016: Vol. 352, Issue 6282, pp. 197-201}
\publishedarticle{64}{The Existence of Featureless Paramagnets on the Square and the Honeycomb  Lattices in 2+1D}{Chao-Ming Jian, Michael Zaletel}{1507.00361}{Phys. Rev. B 93, 035114 (2016)}
\publishedarticle{65}{Filling-Enforced Quantum Band Insulators in Spin-Orbit Coupled Crystals}{Hoi Chun Po, Haruki Watanabe, Michael P. Zaletel, Ashvin Vishwanath}{1506.03816}{Sci. Adv. 2(4), e1501782 (2016)}
\publishedarticle{66}{Filling constraints for spin-orbit coupled insulators in symmorphic and  non-symmorphic crystals}{Haruki Watanabe, Hoi Chun Po, Ashvin Vishwanath, Michael P. Zaletel}{1505.04193}{Proc. Natl. Acad. Sci. 112, 14551 (2015)}
\publishedarticle{67}{Fibonacci anyons and charge density order in the 12/5 and 13/5 plateaus}{Roger S. K. Mong, Michael P. Zaletel, Frank Pollmann, Zlatko Papić}{1505.02843}{Phys. Rev. B 95, 115136 (2017)}
\publishedarticle{68}{Competing Abelian and non-Abelian topological orders in $ν= 1/3+1/3$  quantum Hall bilayers}{Scott Geraedts, Michael P. Zaletel, Zlatko Papić, Roger S. K. Mong}{1502.01340}{Phys. Rev. B 91, 205139 (2015)}
\publishedarticle{69}{Measuring space-group symmetry fractionalization in Z$_2$ spin liquids}{Michael Zaletel, Yuan-Ming Lu, Ashvin Vishwanath}{1501.01395}{Phys. Rev. B 96, 195164 (2017)}
## 2014 
\publishedarticle{70}{Infinite density matrix renormalization group for multicomponent quantum  Hall systems}{Michael P. Zaletel, Roger S. K. Mong, Frank Pollmann, Edward H. Rezayi}{1410.3861}{Phys. Rev. B 91, 045115 (2015)}
\publishedarticle{71}{Constraints on topological order in Mott Insulators}{Michael P. Zaletel, Ashvin Vishwanath}{1410.2894}{Phys. Rev. Lett. 114, 077201 (2015)}
\publishedarticle{72}{Characterization and stability of a fermionic ν=1/3 fractional Chern  insulator}{Adolfo G. Grushin, Johannes Motruk, Michael P. Zaletel, Frank Pollmann}{1407.6985}{Phys. Rev. B 91, 035136 (2015)}
\publishedarticle{73}{Time-evolving a matrix product state with long-ranged interactions}{Michael P. Zaletel, Roger S. K. Mong, Christoph Karrasch, Joel E. Moore, Frank Pollmann}{1407.1832}{Phys. Rev. B 91, 165112 (2015)}
\publishedarticle{74}{Flux insertion, entanglement, and quantized responses}{Michael P. Zaletel, Roger S. K. Mong, Frank Pollmann}{1405.6028}{J. Stat. Mech. (2014) P10007}
## 2013 
\publishedarticle{75}{Detecting two dimensional symmetry protected topological order in a  ground state wave function}{Michael P. Zaletel}{1309.7387}{Phys. Rev. B 90, 235113 (2014)}
\publishedarticle{76}{Chiral Bosonic Mott Insulator on the Frustrated Triangular Lattice}{Michael P. Zaletel, S. A. Parameswaran, Andreas Rüegg, Ehud Altman}{1308.3237}{Phys. Rev. B 89, 155142 (2014)}
\publishedarticle{77}{Chiral Luttinger liquids and a generalized Luttinger's theorem in  fractional quantum Hall edges via finite-entanglement scaling}{Daniel Varjas, Michael P. Zaletel, Joel E. Moore}{1306.4976}{Phys. Rev. B 88, 155314 (2013)}
## 2012 
\publishedarticle{78}{The phase diagram of the anisotropic spin-2 XXZ model: an infinite  system DMRG study}{Jonas A. Kjäll, Michael P. Zaletel, Roger S. K. Mong, Jens H. Bardarson, Frank Pollmann}{1212.6255}{Phys. Rev. B 87, 235106 (2013)}
\publishedarticle{79}{Topological characterization of fractional quantum Hall ground states  from microscopic Hamiltonians}{Michael P. Zaletel, Roger S. K. Mong, Frank Pollmann}{1211.3733}{Phys. Rev. Lett. 110, 236801 (2013)}
\publishedarticle{80}{Exact Matrix Product States for Quantum Hall Wave Functions}{Michael P. Zaletel, Roger S. K. Mong}{1208.4862}{Phys. Rev. B 86, 245305 (2012)}
## 2011 
\publishedarticle{81}{Logarithmic terms in entanglement entropies of 2D quantum critical  points and Shannon entropies of spin chains}{Michael P. Zaletel, Jens H. Bardarson, Joel E. Moore}{1103.5452}{Phys. Rev. Lett. 107, 020402 (2011)}

